TN:
SF:src\services\actions\load-feeds.ts
FNF:0
FNH:0
DA:1,1
DA:2,1
DA:3,1
DA:4,1
DA:5,0
DA:6,0
DA:7,1
DA:8,1
DA:9,1
DA:10,1
DA:11,1
DA:12,1
DA:13,1
DA:14,0
DA:15,0
DA:16,0
DA:17,1
LF:17
LH:12
BRF:0
BRH:0
end_of_record
TN:
SF:src\services\actions\load-ingredients.ts
FNF:0
FNH:0
DA:1,1
DA:2,1
DA:3,1
DA:4,1
DA:5,1
DA:6,1
DA:7,1
LF:7
LH:7
BRF:0
BRH:0
end_of_record
TN:
SF:src\services\actions\user-actions.ts
FN:41,checkUserAuth
FNF:1
FNH:0
FNDA:0,checkUserAuth
DA:1,1
DA:2,1
DA:3,1
DA:4,1
DA:5,1
DA:6,1
DA:7,1
DA:8,1
DA:9,1
DA:10,1
DA:11,1
DA:12,1
DA:13,1
DA:14,1
DA:15,1
DA:16,1
DA:17,0
DA:18,0
DA:19,0
DA:20,0
DA:21,0
DA:22,0
DA:23,0
DA:24,0
DA:25,0
DA:26,0
DA:27,0
DA:28,1
DA:29,1
DA:30,1
DA:31,1
DA:32,1
DA:33,0
DA:34,0
DA:35,0
DA:36,0
DA:37,0
DA:38,0
DA:39,1
DA:40,1
DA:41,1
DA:42,0
DA:43,0
DA:44,0
DA:45,0
DA:46,0
DA:47,1
DA:48,1
DA:49,1
DA:50,1
DA:51,1
DA:52,0
DA:53,0
DA:54,0
DA:55,0
DA:56,0
DA:57,0
DA:58,0
DA:59,0
DA:60,1
DA:61,1
DA:62,1
DA:63,1
DA:64,1
DA:65,0
DA:66,0
DA:67,0
DA:68,0
DA:69,0
DA:70,0
DA:71,0
DA:72,0
DA:73,0
DA:74,1
DA:75,1
DA:76,1
DA:77,1
DA:78,1
DA:79,0
DA:80,0
DA:81,0
DA:82,0
DA:83,0
DA:84,0
DA:85,0
DA:86,0
DA:87,1
LF:87
LH:40
BRF:0
BRH:0
end_of_record
TN:
SF:src\services\slices\auth-slice.ts
FN:27,isRejected
FN:30,isPending
FN:32,hasPrefix
FN:35,isPendingAction
FN:38,isRejectedAction
FN:45,setIsAuthChecked
FN:50,getUser
FN:51,getIsAuthChecked
FN:52,getIsAuthenticated
FN:54,extraReducers
FNF:10
FNH:7
FNDA:4,isRejected
FNDA:5,isPending
FNDA:86,hasPrefix
FNDA:4,isPendingAction
FNDA:3,isRejectedAction
FNDA:1,setIsAuthChecked
FNDA:0,getUser
FNDA:0,getIsAuthChecked
FNDA:0,getIsAuthenticated
FNDA:1,extraReducers
DA:1,1
DA:2,1
DA:3,1
DA:4,1
DA:5,1
DA:6,1
DA:7,1
DA:8,1
DA:9,1
DA:10,1
DA:11,1
DA:12,1
DA:13,1
DA:14,1
DA:15,1
DA:16,1
DA:17,1
DA:18,1
DA:19,1
DA:20,1
DA:21,1
DA:22,1
DA:23,1
DA:24,1
DA:25,1
DA:26,1
DA:27,1
DA:28,4
DA:29,1
DA:30,1
DA:31,1
DA:32,1
DA:33,86
DA:34,1
DA:35,1
DA:36,44
DA:37,1
DA:38,1
DA:39,42
DA:40,1
DA:41,1
DA:42,1
DA:43,1
DA:44,1
DA:45,1
DA:46,1
DA:47,1
DA:48,1
DA:49,1
DA:50,1
DA:51,1
DA:52,1
DA:53,1
DA:54,1
DA:55,1
DA:56,1
DA:57,1
DA:58,1
DA:59,1
DA:60,1
DA:61,1
DA:62,1
DA:63,1
DA:64,2
DA:65,2
DA:66,2
DA:67,1
DA:68,1
DA:69,1
DA:70,1
DA:71,1
DA:72,1
DA:73,1
DA:74,1
DA:75,1
DA:76,1
DA:77,1
DA:78,1
DA:79,1
DA:80,1
DA:81,1
DA:82,1
DA:83,0
DA:84,0
DA:85,1
DA:86,1
DA:87,0
DA:88,0
DA:89,1
DA:90,1
DA:91,1
DA:92,1
DA:93,1
DA:94,1
DA:95,1
DA:96,1
LF:96
LH:92
BRDA:27,0,0,4
BRDA:30,1,0,5
BRDA:32,2,0,86
BRDA:35,3,0,4
BRDA:35,4,0,44
BRDA:36,5,0,5
BRDA:38,6,0,3
BRDA:38,7,0,42
BRDA:39,8,0,4
BRDA:45,9,0,1
BRDA:54,10,0,1
BRDA:58,11,0,1
BRDA:63,12,0,2
BRDA:70,13,0,1
BRDA:75,14,0,1
BRDA:78,15,0,1
BRF:16
BRH:16
end_of_record
TN:
SF:src\services\slices\constructor-slice.ts
FN:18,setBun
FN:22,reducer
FN:25,prepare
FN:30,clearConstructor
FN:35,deleteIngredient
FN:43,moveIngredient
FN:52,getConstructor
FNF:7
FNH:6
FNDA:1,setBun
FNDA:1,reducer
FNDA:1,prepare
FNDA:1,clearConstructor
FNDA:1,deleteIngredient
FNDA:1,moveIngredient
FNDA:0,getConstructor
DA:1,1
DA:2,1
DA:3,1
DA:4,1
DA:5,1
DA:6,1
DA:7,1
DA:8,1
DA:9,1
DA:10,1
DA:11,1
DA:12,1
DA:13,1
DA:14,1
DA:15,1
DA:16,1
DA:17,1
DA:18,1
DA:19,1
DA:20,1
DA:21,1
DA:22,1
DA:23,1
DA:24,1
DA:25,1
DA:26,1
DA:27,1
DA:28,1
DA:29,1
DA:30,1
DA:31,1
DA:32,1
DA:33,1
DA:34,1
DA:35,1
DA:36,1
DA:37,1
DA:38,1
DA:39,1
DA:40,1
DA:41,1
DA:42,1
DA:43,1
DA:44,1
DA:45,1
DA:46,1
DA:47,1
DA:48,1
DA:49,1
DA:50,1
DA:51,1
DA:52,1
DA:53,1
DA:54,1
DA:55,1
DA:56,1
DA:57,1
DA:58,1
DA:59,1
DA:60,1
DA:61,1
DA:62,1
DA:63,1
DA:64,1
LF:64
LH:64
BRDA:18,0,0,1
BRDA:22,1,0,1
BRDA:25,2,0,1
BRDA:30,3,0,1
BRDA:35,4,0,1
BRDA:38,5,0,1
BRDA:43,6,0,1
BRF:7
BRH:7
end_of_record
TN:
SF:src\services\slices\feeds-slice.ts
FN:30,isRejected
FN:33,isPending
FN:35,hasPrefix
FN:38,isPendingAction
FN:41,isRejectedAction
FN:48,clearOrderByNumber
FN:52,extraReducers
FN:85,getFeeds
FN:86,getTotal
FN:87,getTotalToday
FN:88,getStatus
FN:89,getOrders
FN:90,getOrderByNumber
FNF:13
FNH:6
FNDA:3,isRejected
FNDA:3,isPending
FNDA:6,hasPrefix
FNDA:1,isPendingAction
FNDA:1,isRejectedAction
FNDA:0,clearOrderByNumber
FNDA:1,extraReducers
FNDA:0,getFeeds
FNDA:0,getTotal
FNDA:0,getTotalToday
FNDA:0,getStatus
FNDA:0,getOrders
FNDA:0,getOrderByNumber
DA:1,1
DA:2,1
DA:3,1
DA:4,1
DA:5,1
DA:6,1
DA:7,1
DA:8,1
DA:9,1
DA:10,1
DA:11,1
DA:12,1
DA:13,1
DA:14,1
DA:15,1
DA:16,1
DA:17,1
DA:18,1
DA:19,1
DA:20,1
DA:21,1
DA:22,1
DA:23,1
DA:24,1
DA:25,1
DA:26,1
DA:27,1
DA:28,1
DA:29,1
DA:30,1
DA:31,3
DA:32,1
DA:33,1
DA:34,1
DA:35,1
DA:36,6
DA:37,1
DA:38,1
DA:39,3
DA:40,1
DA:41,1
DA:42,3
DA:43,1
DA:44,1
DA:45,1
DA:46,1
DA:47,1
DA:48,1
DA:49,0
DA:50,0
DA:51,1
DA:52,1
DA:53,1
DA:54,1
DA:55,1
DA:56,1
DA:57,1
DA:58,1
DA:59,1
DA:60,1
DA:61,1
DA:62,1
DA:63,1
DA:64,1
DA:65,1
DA:66,1
DA:67,1
DA:68,1
DA:69,1
DA:70,1
DA:71,1
DA:72,1
DA:73,1
DA:74,1
DA:75,1
DA:76,0
DA:77,0
DA:78,1
DA:79,1
DA:80,0
DA:81,0
DA:82,1
DA:83,1
DA:84,1
DA:85,1
DA:86,1
DA:87,1
DA:88,1
DA:89,1
DA:90,1
DA:91,1
DA:92,1
DA:93,1
DA:94,1
DA:95,1
DA:96,1
DA:97,1
DA:98,1
DA:99,1
DA:100,1
DA:101,1
DA:102,1
DA:103,1
DA:104,1
LF:104
LH:98
BRDA:30,0,0,3
BRDA:33,1,0,3
BRDA:35,2,0,6
BRDA:38,3,0,1
BRDA:38,4,0,3
BRDA:41,5,0,1
BRDA:41,6,0,3
BRDA:52,7,0,1
BRDA:56,8,0,1
BRDA:63,9,0,1
BRDA:70,10,0,1
BRF:11
BRH:11
end_of_record
TN:
SF:src\services\slices\ingredients-slice.ts
FN:22,extraReducers
FN:40,getIngredients
FN:41,getIngredientsStatus
FNF:3
FNH:1
FNDA:1,extraReducers
FNDA:0,getIngredients
FNDA:0,getIngredientsStatus
DA:1,1
DA:2,1
DA:3,1
DA:4,1
DA:5,1
DA:6,1
DA:7,1
DA:8,1
DA:9,1
DA:10,1
DA:11,1
DA:12,1
DA:13,1
DA:14,1
DA:15,1
DA:16,1
DA:17,1
DA:18,1
DA:19,1
DA:20,1
DA:21,1
DA:22,1
DA:23,1
DA:24,1
DA:25,1
DA:26,1
DA:27,1
DA:28,1
DA:29,1
DA:30,1
DA:31,1
DA:32,1
DA:33,1
DA:34,1
DA:35,1
DA:36,1
DA:37,1
DA:38,1
DA:39,1
DA:40,1
DA:41,1
DA:42,1
DA:43,1
DA:44,1
DA:45,1
DA:46,1
DA:47,1
DA:48,1
DA:49,1
LF:49
LH:49
BRDA:22,0,0,1
BRDA:24,1,0,1
BRDA:29,2,0,1
BRDA:34,3,0,1
BRDA:36,4,0,0
BRF:5
BRH:4
end_of_record
TN:
SF:src\utils\burger-api.ts
FN:6,checkResponse
FN:18,refreshToken
FN:38,fetchWithRefresh
FN:74,getIngredientsApi
FN:82,getFeedsApi
FN:90,getOrdersApi
FN:107,orderBurgerApi
FN:126,getOrderByNumberApi
FN:144,registerUserApi
FN:163,loginUserApi
FN:177,forgotPasswordApi
FN:191,resetPasswordApi
FN:207,getUserApi
FN:214,updateUserApi
FN:224,logoutApi
FNF:15
FNH:0
FNDA:0,checkResponse
FNDA:0,refreshToken
FNDA:0,fetchWithRefresh
FNDA:0,getIngredientsApi
FNDA:0,getFeedsApi
FNDA:0,getOrdersApi
FNDA:0,orderBurgerApi
FNDA:0,getOrderByNumberApi
FNDA:0,registerUserApi
FNDA:0,loginUserApi
FNDA:0,forgotPasswordApi
FNDA:0,resetPasswordApi
FNDA:0,getUserApi
FNDA:0,updateUserApi
FNDA:0,logoutApi
DA:1,1
DA:2,1
DA:3,1
DA:4,1
DA:5,1
DA:6,1
DA:7,0
DA:8,1
DA:9,1
DA:10,1
DA:11,1
DA:12,1
DA:13,1
DA:14,1
DA:15,1
DA:16,1
DA:17,1
DA:18,1
DA:19,0
DA:20,0
DA:21,0
DA:22,0
DA:23,0
DA:24,0
DA:25,0
DA:26,0
DA:27,0
DA:28,0
DA:29,0
DA:30,0
DA:31,0
DA:32,0
DA:33,0
DA:34,0
DA:35,0
DA:36,0
DA:37,1
DA:38,1
DA:39,0
DA:40,0
DA:41,0
DA:42,0
DA:43,0
DA:44,0
DA:45,0
DA:46,0
DA:47,0
DA:48,0
DA:49,0
DA:50,0
DA:51,0
DA:52,0
DA:53,0
DA:54,0
DA:55,0
DA:56,0
DA:57,0
DA:58,0
DA:59,1
DA:60,1
DA:61,1
DA:62,1
DA:63,1
DA:64,1
DA:65,1
DA:66,1
DA:67,1
DA:68,1
DA:69,1
DA:70,1
DA:71,1
DA:72,1
DA:73,1
DA:74,1
DA:75,0
DA:76,0
DA:77,0
DA:78,0
DA:79,0
DA:80,0
DA:81,1
DA:82,1
DA:83,0
DA:84,0
DA:85,0
DA:86,0
DA:87,0
DA:88,0
DA:89,1
DA:90,1
DA:91,0
DA:92,0
DA:93,0
DA:94,0
DA:95,0
DA:96,0
DA:97,0
DA:98,0
DA:99,0
DA:100,0
DA:101,1
DA:102,1
DA:103,1
DA:104,1
DA:105,1
DA:106,1
DA:107,1
DA:108,0
DA:109,0
DA:110,0
DA:111,0
DA:112,0
DA:113,0
DA:114,0
DA:115,0
DA:116,0
DA:117,0
DA:118,0
DA:119,0
DA:120,0
DA:121,1
DA:122,1
DA:123,1
DA:124,1
DA:125,1
DA:126,1
DA:127,0
DA:128,0
DA:129,0
DA:130,0
DA:131,0
DA:132,0
DA:133,1
DA:134,1
DA:135,1
DA:136,1
DA:137,1
DA:138,1
DA:139,1
DA:140,1
DA:141,1
DA:142,1
DA:143,1
DA:144,1
DA:145,0
DA:146,0
DA:147,0
DA:148,0
DA:149,0
DA:150,0
DA:151,0
DA:152,0
DA:153,0
DA:154,0
DA:155,0
DA:156,0
DA:157,1
DA:158,1
DA:159,1
DA:160,1
DA:161,1
DA:162,1
DA:163,1
DA:164,0
DA:165,0
DA:166,0
DA:167,0
DA:168,0
DA:169,0
DA:170,0
DA:171,0
DA:172,0
DA:173,0
DA:174,0
DA:175,0
DA:176,1
DA:177,1
DA:178,0
DA:179,0
DA:180,0
DA:181,0
DA:182,0
DA:183,0
DA:184,0
DA:185,0
DA:186,0
DA:187,0
DA:188,0
DA:189,0
DA:190,1
DA:191,1
DA:192,0
DA:193,0
DA:194,0
DA:195,0
DA:196,0
DA:197,0
DA:198,0
DA:199,0
DA:200,0
DA:201,0
DA:202,0
DA:203,0
DA:204,1
DA:205,1
DA:206,1
DA:207,1
DA:208,0
DA:209,0
DA:210,0
DA:211,0
DA:212,0
DA:213,1
DA:214,1
DA:215,0
DA:216,0
DA:217,0
DA:218,0
DA:219,0
DA:220,0
DA:221,0
DA:222,0
DA:223,1
DA:224,1
DA:225,0
DA:226,0
DA:227,0
DA:228,0
DA:229,0
DA:230,0
DA:231,0
DA:232,0
DA:233,0
LF:233
LH:83
BRF:0
BRH:0
end_of_record
TN:
SF:src\utils\cookie.ts
FN:1,getCookie
FN:13,setCookie
FN:45,deleteCookie
FNF:3
FNH:0
FNDA:0,getCookie
FNDA:0,setCookie
FNDA:0,deleteCookie
DA:1,0
DA:2,0
DA:3,0
DA:4,0
DA:5,0
DA:6,0
DA:7,0
DA:8,0
DA:9,0
DA:10,0
DA:11,0
DA:12,1
DA:13,0
DA:14,0
DA:15,0
DA:16,0
DA:17,0
DA:18,0
DA:19,0
DA:20,0
DA:21,0
DA:22,0
DA:23,0
DA:24,0
DA:25,0
DA:26,0
DA:27,0
DA:28,0
DA:29,0
DA:30,0
DA:31,0
DA:32,0
DA:33,0
DA:34,0
DA:35,0
DA:36,0
DA:37,0
DA:38,0
DA:39,0
DA:40,0
DA:41,0
DA:42,0
DA:43,0
DA:44,1
DA:45,0
DA:46,0
DA:47,0
LF:47
LH:2
BRF:0
BRH:0
end_of_record
